{"total": {"lines":{"total":69,"covered":69,"skipped":0,"pct":100},"statements":{"total":74,"covered":74,"skipped":0,"pct":100},"functions":{"total":8,"covered":8,"skipped":0,"pct":100},"branches":{"total":42,"covered":41,"skipped":0,"pct":97.61},"branchesTrue":{"total":0,"covered":0,"skipped":0,"pct":"Unknown"}}
,"C:\\Users\\zakof\\dev\\opensource\\illuma-reflect\\src\\lib\\decorators\\inject.ts": {"lines":{"total":21,"covered":21,"skipped":0,"pct":100},"functions":{"total":2,"covered":2,"skipped":0,"pct":100},"statements":{"total":21,"covered":21,"skipped":0,"pct":100},"branches":{"total":28,"covered":28,"skipped":0,"pct":100}}
,"C:\\Users\\zakof\\dev\\opensource\\illuma-reflect\\src\\lib\\decorators\\injectable.ts": {"lines":{"total":38,"covered":38,"skipped":0,"pct":100},"functions":{"total":4,"covered":4,"skipped":0,"pct":100},"statements":{"total":40,"covered":40,"skipped":0,"pct":100},"branches":{"total":12,"covered":11,"skipped":0,"pct":91.66}}
,"C:\\Users\\zakof\\dev\\opensource\\illuma-reflect\\src\\lib\\decorators\\metadata.ts": {"lines":{"total":3,"covered":3,"skipped":0,"pct":100},"functions":{"total":0,"covered":0,"skipped":0,"pct":100},"statements":{"total":6,"covered":6,"skipped":0,"pct":100},"branches":{"total":0,"covered":0,"skipped":0,"pct":100}}
,"C:\\Users\\zakof\\dev\\opensource\\illuma-reflect\\src\\lib\\decorators\\optional.ts": {"lines":{"total":7,"covered":7,"skipped":0,"pct":100},"functions":{"total":2,"covered":2,"skipped":0,"pct":100},"statements":{"total":7,"covered":7,"skipped":0,"pct":100},"branches":{"total":2,"covered":2,"skipped":0,"pct":100}}
}
